<?xml version="1.0" encoding="UTF-8"?>
<!-- Generated by org.testng.reporters.JUnitReportReporter -->
<testsuite hostname="HTSPC91" failures="0" tests="1" name="runner.TestNGRunner" time="55.454" errors="0" timestamp="5 Apr 2019 12:44:54 GMT">
  <testcase classname="runner.TestNGRunner" name="feature" time="55.454"/>
</testsuite> <!-- runner.TestNGRunner -->
