<?xml version="1.0" encoding="UTF-8"?>
<!-- Generated by org.testng.reporters.JUnitReportReporter -->
<testsuite hostname="HTSPC91" failures="0" tests="1" name="AHFWebApp.pro.JavascriptErrors" time="71.476" errors="0" timestamp="09 Jan 2019 10:10:16 GMT" skipped="0">
  <testcase classname="AHFWebApp.pro.JavascriptErrors" name="test" time="71.476"/>
</testsuite> <!-- AHFWebApp.pro.JavascriptErrors -->
