<?xml version="1.0" encoding="UTF-8"?>
<!-- Generated by org.testng.reporters.JUnitReportReporter -->
<testsuite hostname="HTSPC91" failures="0" tests="1" name="AHFWebApp.pro.test" time="34.553" errors="0" timestamp="05 Oct 2018 11:57:33 GMT" skipped="0">
  <testcase classname="AHFWebApp.pro.test" name="test" time="34.553"/>
</testsuite> <!-- AHFWebApp.pro.test -->
