<?xml version="1.0" encoding="UTF-8"?>
<!-- Generated by org.testng.reporters.JUnitReportReporter -->
<testsuite skipped="0" hostname="HTSPC91" name="RunnerClass.VerifySystemParameters1" tests="1" failures="0" timestamp="05 Apr 2019 09:31:01 GMT" time="36.731" errors="0">
  <testcase name="VerifySystemParametersValues" time="36.731" classname="RunnerClass.VerifySystemParameters1"/>
</testsuite> <!-- RunnerClass.VerifySystemParameters1 -->
