<?xml version="1.0" encoding="UTF-8"?>
<!-- Generated by org.testng.reporters.JUnitReportReporter -->
<testsuite skipped="0" hostname="HTSPC91" name="RunnerClass.VerifyVersionNumber" tests="1" failures="0" timestamp="05 Apr 2019 09:31:01 GMT" time="7.738" errors="0">
  <testcase name="VerifyVersionnumber" time="7.738" classname="RunnerClass.VerifyVersionNumber"/>
</testsuite> <!-- RunnerClass.VerifyVersionNumber -->
