<?xml version="1.0" encoding="UTF-8"?>
<!-- Generated by org.testng.reporters.JUnitReportReporter -->
<testsuite skipped="0" hostname="HTSPC91" name="RunnerClass.Loginclass" tests="1" failures="0" timestamp="18 Mar 2019 14:34:47 GMT" time="46.823" errors="0">
  <testcase name="mainclass" time="46.823" classname="RunnerClass.Loginclass"/>
</testsuite> <!-- RunnerClass.Loginclass -->
