<?xml version="1.0" encoding="UTF-8"?>
<!-- Generated by org.testng.reporters.JUnitReportReporter -->
<testsuite skipped="0" hostname="HTSPC91" name="RunnerClass.VerifyUserLogin" tests="3" failures="0" timestamp="05 Apr 2019 09:31:01 GMT" time="33.846" errors="0">
  <testcase name="VerifyUserLogin" time="11.319" classname="RunnerClass.VerifyUserLogin"/>
  <testcase name="VerifyUserLogin" time="11.240" classname="RunnerClass.VerifyUserLogin"/>
  <testcase name="VerifyUserLogin" time="11.287" classname="RunnerClass.VerifyUserLogin"/>
</testsuite> <!-- RunnerClass.VerifyUserLogin -->
