<?xml version="1.0" encoding="UTF-8"?>
<!-- Generated by org.testng.reporters.JUnitReportReporter -->
<testsuite skipped="0" hostname="HTSPC91" name="RunnerClass.VerifyLeftNavigationValues" tests="1" failures="0" timestamp="05 Apr 2019 09:31:01 GMT" time="35.810" errors="0">
  <testcase name="VerifyLeftNavigationModuleValues" time="35.810" classname="RunnerClass.VerifyLeftNavigationValues"/>
</testsuite> <!-- RunnerClass.VerifyLeftNavigationValues -->
